/nix/store/amw5pvc940kzc673vbm1ri5kmab5qi26-JSONParser-0.1.0.4.drv
/nix/store/if3vccdwizxj1s981vqjzwsg0jna4n1a-FractalArt-0.2.0.3.drv
/nix/store/1js260bjsn1v744i6557lqyz8jg6m7h9-HsSyck-0.53.drv
/nix/store/25jrhnapgmpg507pyx991hal52x92823-HsHTSLib-1.9.2.2.drv
/nix/store/n3azlinhv65v2z1455yffzyc94g75krp-amqp-utils-0.6.4.0.drv
/nix/store/4bnhlsajb8f2674i4xr8kbnx66wl5478-async-refresh-tokens-0.4.0.0.drv
/nix/store/cna10x77ipr25mqkz6ba08r2gxkqq298-async-refresh-0.3.0.0.drv
/nix/store/fak88pd0cdlrhh31rbl4mdwc5qy43zf3-barbly-0.1.0.0.drv
/nix/store/qwdj8v4p7q33yzpl4qzg1qfj7arkrn3y-bindings-yices-0.3.0.2.drv
/nix/store/lngvw61lrjxhb5cynx32w2vswbpclid3-boolector-0.0.0.13.drv
/nix/store/5xzy23czgj718ma5rh9sikgynzyvbwf3-cabal-build-programs-0.1.0.1.drv
/nix/store/rnpsx4b13bi9jymd80hqd47587nf4chm-cachix-1.7.drv
/nix/store/1799xrd35m5dfsw3ixphm6b8772fpdf2-cardano-coin-selection-1.0.1.drv
/nix/store/jc8l6zj5najfmk8vn979yx0zpgy388n6-changelog-d-0.1.drv
/nix/store/g5854z5xfdsgrw2hxmwynv851ch16c73-cgrep-8.1.0.drv
/nix/store/qqvghhxwhm2pn3ryh3hf8p3srn4whp6i-cl3-3.0.0.0.drv
/nix/store/v8glcf9a1k6d610d1241jdja0a8l0w1n-diagrams-hsqml-0.2.0.0.drv
/nix/store/alswmxa9m0nh14gqnl079bwv0qfhbchv-diagrams-html5-1.4.2.drv
/nix/store/psv3hcv17cwfahvz84ynn9im8p83k95d-env-extra-1.0.0.0.drv
/nix/store/bigb9264iyrbsbk9d09b25kybiarippa-epub-metadata-5.2.drv
/nix/store/sk7a1ja0xa3pw2dkzrgbnldxph6cniaf-error-codes-0.1.3.1.drv
/nix/store/p6lbqlfnhyghnm6k2l38l88mx02a243s-fmt-0.6.3.0.drv
/nix/store/f85id51saf1ib1x9zkxjb0h8mdz15knc-foma-0.1.2.0.drv
/nix/store/rchq70b865n8j6c8mhfh2ah9cd9rgh6k-fmt-terminal-colors-0.1.0.1.drv
/nix/store/kqiyjmk7gzj8rdhaq3bpl8107aa2a5ls-fudgets-0.18.4.drv
/nix/store/mrwr28sm9jzng062da4vv0955ad0s4yl-duckdb-haskell-0.1.0.0.drv
/nix/store/5hadrcxnr5i73q716zx9k296fkv65idw-gcodehs-0.1.2.0.drv
/nix/store/8y307acy9yh8c8v6vl1ckikcpvh8ii9f-genvalidity-dirforest-0.1.0.1.drv
/nix/store/db5vvbf61k62ryx17gz885d6srmb5znl-gi-gdkx11-3.0.15.drv
/nix/store/jzazag44hh8mzad9cssmdsz3xllzx1qf-gi-gtkosxapplication-2.0.17.drv
/nix/store/hy0d7z49z3xl5xhx7fm4d7p01f0h6nqy-ghcide-2.7.0.0.drv
/nix/store/0g3dgxkbymsk4qn0nlxx55wdn19bsws4-gtk-mac-integration-0.3.4.0.drv
/nix/store/zigs819h8qjpqpvlgmi538p8fz21m3k5-gtk-traymanager-1.0.1.drv
/nix/store/ix0kfb3q6vb1jy3vxzw0qvai3d6asr04-gtk3-mac-integration-0.3.4.0.drv
/nix/store/isv3cpp1a3di7g95w757yxqx3gp0ky25-hamid-0.10.drv
/nix/store/c3k2ija963zzra84izmzcl6r25nqp9c6-git-annex-10.20240227.drv
/nix/store/rk7shs74gsxzfifs2mx4cqhnlyd863hh-hdf5-lite-0.1.1.0.drv
/nix/store/a63pv9f06clp76ii5m2i2l4rya524akl-hercules-ci-agent-0.10.1.drv
/nix/store/qcjhp7r12wahhqhrm7659d8pzb3v09k8-highlight-1.0.0.2.drv
/nix/store/b489z4vlwxdban107gpand7dfv003qd4-hackage-cli-0.1.0.1.drv
/nix/store/xiwlv33mi34w4pjdrpy0sg1gxkmkw3cs-hmatrix-morpheus-0.1.1.2.drv
/nix/store/sp3vy0v20c7ac8nir6ibbgyq71b17pvd-hprox-0.6.2.drv
/nix/store/v83jmwzg555d6j3dln49wvqlygrys55q-hs-mesos-0.20.3.0.drv
/nix/store/p751430zk5wq71w41178gak5dwz94lqz-hs-swisstable-hashtables-class-0.1.0.0.drv
/nix/store/l7p4gbcmnq6prx6i3l0chxb0xkc24vk4-hspec-test-sandbox-0.1.0.drv
/nix/store/jy6yz4bm99siz28g101cjv67pimhg8nm-hsqml-0.3.5.1.drv
/nix/store/dwqjzkr53qgh06621wx934qvgs23alwb-hsqml-datamodel-0.2.0.2.drv
/nix/store/cza5vs8q9zv57mnqj1viimwvns2158h7-hsqml-demo-notes-0.3.3.0.drv
/nix/store/50wbfmvwy98cb826l5vxmmxldf52v5xk-hsqml-demo-manic-0.3.4.0.drv
/nix/store/h4hxmfdfl451af9vnaf3j2k7vzl8b0ib-hsqml-demo-samples-0.3.4.0.drv
/nix/store/qfrf2zqaic8jgrh6v6kbmlp1v68kx0q8-hstorchat-0.1.1.0.drv
/nix/store/78x2pmj3mnirf6k5dm34d1d60ajss9r4-huckleberry-0.10.0.2.drv
/nix/store/400s2zd58a1q3q51r686xdfh2dccjdfi-http-reverse-proxy-0.6.0.2.drv
/nix/store/ap3hxzf5hgr7dkwqcsm1hkxjxcfw8m15-hunspell-hs-0.2.0.0.drv
